MJPG Streamer Version: svn rev: 
 i: Using V4L2 device.: /dev/video0
 i: Desired Resolution: 640 x 480
 i: Frames Per Second.: 10
 i: Format............: MJPEG
ERROR opening V4L interface: Device or resource busy
 Init v4L2 failed !! exit fatal 
 i: init_VideoIn failed
MJPG Streamer Version: svn rev: 
 i: Using V4L2 device.: /dev/video0
 i: Desired Resolution: 640 x 480
 i: Frames Per Second.: 10
 i: Format............: MJPEG
ERROR opening V4L interface: No such file or directory
 Init v4L2 failed !! exit fatal 
 i: init_VideoIn failed
MJPG Streamer Version: svn rev: 
 i: Using V4L2 device.: /dev/video0
 i: Desired Resolution: 640 x 480
 i: Frames Per Second.: 10
 i: Format............: MJPEG
Adding control for Pan (relative)
UVCIOC_CTRL_ADD - Error: Inappropriate ioctl for device
Adding control for Tilt (relative)
UVCIOC_CTRL_ADD - Error: Inappropriate ioctl for device
Adding control for Pan Reset
UVCIOC_CTRL_ADD - Error: Inappropriate ioctl for device
Adding control for Tilt Reset
UVCIOC_CTRL_ADD - Error: Inappropriate ioctl for device
Adding control for Pan/tilt Reset
UVCIOC_CTRL_ADD - Error: Inappropriate ioctl for device
Adding control for Focus (absolute)
UVCIOC_CTRL_ADD - Error: Inappropriate ioctl for device
mapping control for Pan (relative)
UVCIOC_CTRL_MAP - Error: Inappropriate ioctl for device
mapping control for Tilt (relative)
UVCIOC_CTRL_MAP - Error: Inappropriate ioctl for device
mapping control for Pan Reset
UVCIOC_CTRL_MAP - Error: Inappropriate ioctl for device
mapping control for Tilt Reset
UVCIOC_CTRL_MAP - Error: Inappropriate ioctl for device
mapping control for Pan/tilt Reset
UVCIOC_CTRL_MAP - Error: Inappropriate ioctl for device
mapping control for Focus (absolute)
UVCIOC_CTRL_MAP - Error: Inappropriate ioctl for device
mapping control for LED1 Mode
UVCIOC_CTRL_MAP - Error: Inappropriate ioctl for device
mapping control for LED1 Frequency
UVCIOC_CTRL_MAP - Error: Inappropriate ioctl for device
mapping control for Disable video processing
UVCIOC_CTRL_MAP - Error: Inappropriate ioctl for device
mapping control for Raw bits per pixel
UVCIOC_CTRL_MAP - Error: Inappropriate ioctl for device
 o: www-folder-path...: www/
 o: HTTP TCP port.....: 8080
 o: username:password.: disabled
 o: commands..........: enabled
starting running check task
starting hanging check task
serving client: 192.168.1.6
MJPG Streamer Version: svn rev: Unversioned directory
 i: Using V4L2 device.: /dev/video0
 i: Desired Resolution: 640 x 480
 i: Frames Per Second.: 10
 i: Format............: MJPEG
ERROR opening V4L interface: Device or resource busy
 Init v4L2 failed !! exit fatal 
 i: init_VideoIn failed
MJPG Streamer Version: svn rev: Unversioned directory
 i: Using V4L2 device.: /dev/video0
 i: Desired Resolution: 640 x 480
 i: Frames Per Second.: 10
 i: Format............: MJPEG
ERROR opening V4L interface: No such file or directory
 Init v4L2 failed !! exit fatal 
 i: init_VideoIn failed
MJPG Streamer Version: svn rev: Unversioned directory
 i: Using V4L2 device.: /dev/video0
 i: Desired Resolution: 640 x 480
 i: Frames Per Second.: 10
 i: Format............: MJPEG
Adding control for Pan (relative)
UVCIOC_CTRL_ADD - Error: Inappropriate ioctl for device
Adding control for Tilt (relative)
UVCIOC_CTRL_ADD - Error: Inappropriate ioctl for device
Adding control for Pan Reset
UVCIOC_CTRL_ADD - Error: Inappropriate ioctl for device
Adding control for Tilt Reset
UVCIOC_CTRL_ADD - Error: Inappropriate ioctl for device
Adding control for Pan/tilt Reset
UVCIOC_CTRL_ADD - Error: Inappropriate ioctl for device
Adding control for Focus (absolute)
UVCIOC_CTRL_ADD - Error: Inappropriate ioctl for device
mapping control for Pan (relative)
UVCIOC_CTRL_MAP - Error: Inappropriate ioctl for device
mapping control for Tilt (relative)
UVCIOC_CTRL_MAP - Error: Inappropriate ioctl for device
mapping control for Pan Reset
UVCIOC_CTRL_MAP - Error: Inappropriate ioctl for device
mapping control for Tilt Reset
UVCIOC_CTRL_MAP - Error: Inappropriate ioctl for device
mapping control for Pan/tilt Reset
UVCIOC_CTRL_MAP - Error: Inappropriate ioctl for device
mapping control for Focus (absolute)
UVCIOC_CTRL_MAP - Error: Inappropriate ioctl for device
mapping control for LED1 Mode
UVCIOC_CTRL_MAP - Error: Inappropriate ioctl for device
mapping control for LED1 Frequency
UVCIOC_CTRL_MAP - Error: Inappropriate ioctl for device
mapping control for Disable video processing
UVCIOC_CTRL_MAP - Error: Inappropriate ioctl for device
mapping control for Raw bits per pixel
UVCIOC_CTRL_MAP - Error: Inappropriate ioctl for device
 o: www-folder-path...: www/
 o: HTTP TCP port.....: 8080
 o: username:password.: disabled
 o: commands..........: enabled
starting running check task
starting hanging check task
serving client: 192.168.1.6
serving client: 192.168.1.6
server stopped, starting
MJPG Streamer Version: svn rev: Unversioned directory
 i: Using V4L2 device.: /dev/video0
 i: Desired Resolution: 640 x 480
 i: Frames Per Second.: 10
 i: Format............: MJPEG
Unable to set format: 1196444237 res: 640x480
 Init v4L2 failed !! exit fatal 
 i: init_VideoIn failed
server stopped, starting
MJPG Streamer Version: svn rev: Unversioned directory
 i: Using V4L2 device.: /dev/video0
 i: Desired Resolution: 640 x 480
 i: Frames Per Second.: 10
 i: Format............: MJPEG
ERROR opening V4L interface: Device or resource busy
 Init v4L2 failed !! exit fatal 
 i: init_VideoIn failed
server stopped, starting
MJPG Streamer Version: svn rev: Unversioned directory
 i: Using V4L2 device.: /dev/video0
 i: Desired Resolution: 640 x 480
 i: Frames Per Second.: 10
 i: Format............: MJPEG
ERROR opening V4L interface: No such file or directory
 Init v4L2 failed !! exit fatal 
 i: init_VideoIn failed
